This is pdfTeX, Version 3.14159265-2.6-1.40.19 (TeX Live 2018) (preloaded format=pdflatex 2019.4.18)  21 APR 2019 20:51
entering extended mode
 restricted \write18 enabled.
 %&-line parsing enabled.
**report.tex
(./report.tex
LaTeX2e <2018-04-01> patch level 2
Babel <3.18> and hyphenation patterns for 84 language(s) loaded.
(/usr/local/texlive/2018/texmf-dist/tex/latex/koma-script/scrreprt.cls
Document Class: scrreprt 2018/03/30 v3.25 KOMA-Script document class (report)
(/usr/local/texlive/2018/texmf-dist/tex/latex/koma-script/scrkbase.sty
Package: scrkbase 2018/03/30 v3.25 KOMA-Script package (KOMA-Script-dependent b
asics and keyval usage)

(/usr/local/texlive/2018/texmf-dist/tex/latex/koma-script/scrbase.sty
Package: scrbase 2018/03/30 v3.25 KOMA-Script package (KOMA-Script-independent 
basics and keyval usage)

(/usr/local/texlive/2018/texmf-dist/tex/latex/graphics/keyval.sty
Package: keyval 2014/10/28 v1.15 key=value parser (DPC)
\KV@toks@=\toks14
)
(/usr/local/texlive/2018/texmf-dist/tex/latex/koma-script/scrlfile.sty
Package: scrlfile 2018/03/30 v3.25 KOMA-Script package (loading files)
)))
(/usr/local/texlive/2018/texmf-dist/tex/latex/koma-script/tocbasic.sty
Package: tocbasic 2018/03/30 v3.25 KOMA-Script package (handling toc-files)
\scr@dte@tocline@numberwidth=\skip41
\scr@dte@tocline@numbox=\box26
)
Package tocbasic Info: omitting babel extension for `toc'
(tocbasic)             because of feature `nobabel' available
(tocbasic)             for `toc' on input line 136.
Package tocbasic Info: defining new hook before heading of `' on input line 166
7.
Class scrreprt Info: File `scrsize11pt.clo' used instead of
(scrreprt)           file `scrsize11.clo' to setup font sizes on input line 232
8.

(/usr/local/texlive/2018/texmf-dist/tex/latex/koma-script/scrsize11pt.clo
File: scrsize11pt.clo 2018/03/30 v3.25 KOMA-Script font size class option (11pt
)
)
(/usr/local/texlive/2018/texmf-dist/tex/latex/koma-script/typearea.sty
Package: typearea 2018/03/30 v3.25 KOMA-Script package (type area)
\ta@bcor=\skip42
\ta@div=\count80
\ta@hblk=\skip43
\ta@vblk=\skip44
\ta@temp=\skip45
\footheight=\skip46
Package typearea Info: These are the values describing the layout:
(typearea)             DIV  = 10
(typearea)             BCOR = 0.0pt
(typearea)             \paperwidth      = 597.50793pt
(typearea)              \textwidth      = 418.25555pt
(typearea)              DIV departure   = -6%
(typearea)              \evensidemargin = 17.3562pt
(typearea)              \oddsidemargin  = 17.3562pt
(typearea)             \paperheight     = 845.04694pt
(typearea)              \textheight     = 595.80026pt
(typearea)              \topmargin      = -25.16531pt
(typearea)              \headheight     = 17.0pt
(typearea)              \headsep        = 20.40001pt
(typearea)              \topskip        = 11.0pt
(typearea)              \footskip       = 47.6pt
(typearea)              \baselineskip   = 13.6pt
(typearea)              on input line 1706.
)
\c@part=\count81
\c@chapter=\count82
\c@section=\count83
\c@subsection=\count84
\c@subsubsection=\count85
\c@paragraph=\count86
\c@subparagraph=\count87
\scr@dte@part@maxnumwidth=\skip47
\scr@dte@chapter@maxnumwidth=\skip48
\scr@dte@section@maxnumwidth=\skip49
\scr@dte@subsection@maxnumwidth=\skip50
\scr@dte@subsubsection@maxnumwidth=\skip51
\scr@dte@paragraph@maxnumwidth=\skip52
\scr@dte@subparagraph@maxnumwidth=\skip53
\abovecaptionskip=\skip54
\belowcaptionskip=\skip55
\c@pti@nb@sid@b@x=\box27
\scr@dte@figure@maxnumwidth=\skip56
Package tocbasic Info: omitting babel extension for `lof'
(tocbasic)             because of feature `nobabel' available
(tocbasic)             for `lof' on input line 6247.
\c@figure=\count88
\scr@dte@table@maxnumwidth=\skip57
Package tocbasic Info: omitting babel extension for `lot'
(tocbasic)             because of feature `nobabel' available
(tocbasic)             for `lot' on input line 6264.
\c@table=\count89
Class scrreprt Info: Redefining `\numberline' on input line 6433.
\bibindent=\dimen102
)
(/usr/local/texlive/2018/texmf-dist/tex/latex/graphics/graphicx.sty
Package: graphicx 2017/06/01 v1.1a Enhanced LaTeX Graphics (DPC,SPQR)

(/usr/local/texlive/2018/texmf-dist/tex/latex/graphics/graphics.sty
Package: graphics 2017/06/25 v1.2c Standard LaTeX Graphics (DPC,SPQR)

(/usr/local/texlive/2018/texmf-dist/tex/latex/graphics/trig.sty
Package: trig 2016/01/03 v1.10 sin cos tan (DPC)
)
(/usr/local/texlive/2018/texmf-dist/tex/latex/graphics-cfg/graphics.cfg
File: graphics.cfg 2016/06/04 v1.11 sample graphics configuration
)
Package graphics Info: Driver file: pdftex.def on input line 99.

(/usr/local/texlive/2018/texmf-dist/tex/latex/graphics-def/pdftex.def
File: pdftex.def 2018/01/08 v1.0l Graphics/color driver for pdftex
))
\Gin@req@height=\dimen103
\Gin@req@width=\dimen104
)
(/usr/local/texlive/2018/texmf-dist/tex/latex/listings/listings.sty
\lst@mode=\count90
\lst@gtempboxa=\box28
\lst@token=\toks15
\lst@length=\count91
\lst@currlwidth=\dimen105
\lst@column=\count92
\lst@pos=\count93
\lst@lostspace=\dimen106
\lst@width=\dimen107
\lst@newlines=\count94
\lst@lineno=\count95
\lst@maxwidth=\dimen108

(/usr/local/texlive/2018/texmf-dist/tex/latex/listings/lstmisc.sty
File: lstmisc.sty 2015/06/04 1.6 (Carsten Heinz)
\c@lstnumber=\count96
\lst@skipnumbers=\count97
\lst@framebox=\box29
)
(/usr/local/texlive/2018/texmf-dist/tex/latex/listings/listings.cfg
File: listings.cfg 2015/06/04 1.6 listings configuration
))
Package: listings 2015/06/04 1.6 (Carsten Heinz)

(/usr/local/texlive/2018/texmf-dist/tex/latex/graphics/color.sty
Package: color 2016/07/10 v1.1e Standard LaTeX Color (DPC)

(/usr/local/texlive/2018/texmf-dist/tex/latex/graphics-cfg/color.cfg
File: color.cfg 2016/01/02 v1.6 sample color configuration
)
Package color Info: Driver file: pdftex.def on input line 147.
)
(./report.aux)
\openout1 = `report.aux'.

LaTeX Font Info:    Checking defaults for OML/cmm/m/it on input line 33.
LaTeX Font Info:    ... okay on input line 33.
LaTeX Font Info:    Checking defaults for T1/cmr/m/n on input line 33.
LaTeX Font Info:    ... okay on input line 33.
LaTeX Font Info:    Checking defaults for OT1/cmr/m/n on input line 33.
LaTeX Font Info:    ... okay on input line 33.
LaTeX Font Info:    Checking defaults for OMS/cmsy/m/n on input line 33.
LaTeX Font Info:    ... okay on input line 33.
LaTeX Font Info:    Checking defaults for OMX/cmex/m/n on input line 33.
LaTeX Font Info:    ... okay on input line 33.
LaTeX Font Info:    Checking defaults for U/cmr/m/n on input line 33.
LaTeX Font Info:    ... okay on input line 33.

(/usr/local/texlive/2018/texmf-dist/tex/context/base/mkii/supp-pdf.mkii
[Loading MPS to PDF converter (version 2006.09.02).]
\scratchcounter=\count98
\scratchdimen=\dimen109
\scratchbox=\box30
\nofMPsegments=\count99
\nofMParguments=\count100
\everyMPshowfont=\toks16
\MPscratchCnt=\count101
\MPscratchDim=\dimen110
\MPnumerator=\count102
\makeMPintoPDFobject=\count103
\everyMPtoPDFconversion=\toks17
) (/usr/local/texlive/2018/texmf-dist/tex/latex/oberdiek/epstopdf-base.sty
Package: epstopdf-base 2016/05/15 v2.6 Base part for package epstopdf

(/usr/local/texlive/2018/texmf-dist/tex/generic/oberdiek/infwarerr.sty
Package: infwarerr 2016/05/16 v1.4 Providing info/warning/error messages (HO)
)
(/usr/local/texlive/2018/texmf-dist/tex/latex/oberdiek/grfext.sty
Package: grfext 2016/05/16 v1.2 Manage graphics extensions (HO)

(/usr/local/texlive/2018/texmf-dist/tex/generic/oberdiek/kvdefinekeys.sty
Package: kvdefinekeys 2016/05/16 v1.4 Define keys (HO)

(/usr/local/texlive/2018/texmf-dist/tex/generic/oberdiek/ltxcmds.sty
Package: ltxcmds 2016/05/16 v1.23 LaTeX kernel commands for general use (HO)
)))
(/usr/local/texlive/2018/texmf-dist/tex/latex/oberdiek/kvoptions.sty
Package: kvoptions 2016/05/16 v3.12 Key value format for package options (HO)

(/usr/local/texlive/2018/texmf-dist/tex/generic/oberdiek/kvsetkeys.sty
Package: kvsetkeys 2016/05/16 v1.17 Key value parser (HO)

(/usr/local/texlive/2018/texmf-dist/tex/generic/oberdiek/etexcmds.sty
Package: etexcmds 2016/05/16 v1.6 Avoid name clashes with e-TeX commands (HO)

(/usr/local/texlive/2018/texmf-dist/tex/generic/oberdiek/ifluatex.sty
Package: ifluatex 2016/05/16 v1.4 Provides the ifluatex switch (HO)
Package ifluatex Info: LuaTeX not detected.
)
Package etexcmds Info: Could not find \expanded.
(etexcmds)             That can mean that you are not using pdfTeX 1.50 or
(etexcmds)             that some package has redefined \expanded.
(etexcmds)             In the latter case, load this package earlier.
)))
(/usr/local/texlive/2018/texmf-dist/tex/generic/oberdiek/pdftexcmds.sty
Package: pdftexcmds 2018/01/30 v0.27 Utility functions of pdfTeX for LuaTeX (HO
)

(/usr/local/texlive/2018/texmf-dist/tex/generic/oberdiek/ifpdf.sty
Package: ifpdf 2017/03/15 v3.2 Provides the ifpdf switch
)
Package pdftexcmds Info: LuaTeX not detected.
Package pdftexcmds Info: \pdf@primitive is available.
Package pdftexcmds Info: \pdf@ifprimitive is available.
Package pdftexcmds Info: \pdfdraftmode found.
)
Package epstopdf-base Info: Redefining graphics rule for `.eps' on input line 4
38.
Package grfext Info: Graphics extension search list:
(grfext)             [.pdf,.png,.jpg,.mps,.jpeg,.jbig2,.jb2,.PDF,.PNG,.JPG,.JPE
G,.JBIG2,.JB2,.eps]
(grfext)             \AppendGraphicsExtensions on input line 456.

(/usr/local/texlive/2018/texmf-dist/tex/latex/latexconfig/epstopdf-sys.cfg
File: epstopdf-sys.cfg 2010/07/13 v1.3 Configuration of (r)epstopdf for TeX Liv
e
))
\c@lstlisting=\count104
LaTeX Font Info:    External font `cmex10' loaded for size
(Font)              <14.4> on input line 38.
LaTeX Font Info:    External font `cmex10' loaded for size
(Font)              <7> on input line 38.

[1



{/usr/local/texlive/2018/texmf-var/fonts/map/pdftex/updmap/pdftex.map}]
chapter 1.

Class scrreprt Warning: \float@addtolists detected!
(scrreprt)              Implementation of \float@addtolist became
(scrreprt)              deprecated in KOMA-Script v3.01 2008/11/14 and
(scrreprt)              has been replaced by several more flexible
(scrreprt)              features of package `tocbasic`.
(scrreprt)              Since Version 3.12 support for deprecated
(scrreprt)              \float@addtolist interface has been
(scrreprt)              restricted to only some of the KOMA-Script
(scrreprt)              features and been removed from others.
(scrreprt)              Loading of package `scrhack' may help to
(scrreprt)              avoid this warning, if you are using a
(scrreprt)              a package that still implements the
(scrreprt)              deprecated \float@addtolist interface .

LaTeX Font Info:    External font `cmex10' loaded for size
(Font)              <10.95> on input line 42.
LaTeX Font Info:    External font `cmex10' loaded for size
(Font)              <8> on input line 42.
LaTeX Font Info:    External font `cmex10' loaded for size
(Font)              <6> on input line 42.
[2

] [3]
chapter 2.
<images/p1figure1.png, id=21, 562.1pt x 421.575pt>
File: images/p1figure1.png Graphic file (type png)
<use images/p1figure1.png>
Package pdftex.def Info: images/p1figure1.png  used on input line 102.
(pdftex.def)             Requested size: 328.50082pt x 246.37271pt.
<images/p1figure2.png, id=22, 562.1pt x 421.575pt>
File: images/p1figure2.png Graphic file (type png)
<use images/p1figure2.png>
Package pdftex.def Info: images/p1figure2.png  used on input line 108.
(pdftex.def)             Requested size: 328.50082pt x 246.37271pt.
[4

 <./images/p1figure1.png (PNG copy)>]
<images/p1figure3.png, id=27, 562.1pt x 421.575pt>
File: images/p1figure3.png Graphic file (type png)
<use images/p1figure3.png>
Package pdftex.def Info: images/p1figure3.png  used on input line 114.
(pdftex.def)             Requested size: 328.50082pt x 246.37271pt.
<images/p1figure4.png, id=28, 562.1pt x 421.575pt>
File: images/p1figure4.png Graphic file (type png)
<use images/p1figure4.png>
Package pdftex.def Info: images/p1figure4.png  used on input line 116.
(pdftex.def)             Requested size: 328.50082pt x 246.37271pt.
 [5 <./images/p1figure2.png (PNG copy)> <./images/p1figure3.png (PNG copy)>]
<images/p1figure5.png, id=32, 562.1pt x 421.575pt>
File: images/p1figure5.png Graphic file (type png)
<use images/p1figure5.png>
Package pdftex.def Info: images/p1figure5.png  used on input line 118.
(pdftex.def)             Requested size: 328.50082pt x 246.37271pt.
<images/p1figure6.png, id=33, 562.1pt x 421.575pt>
File: images/p1figure6.png Graphic file (type png)
<use images/p1figure6.png>
Package pdftex.def Info: images/p1figure6.png  used on input line 120.
(pdftex.def)             Requested size: 328.50082pt x 246.37271pt.
 [6 <./images/p1figure4.png (PNG copy)> <./images/p1figure5.png (PNG copy)>]
<images/p1figure7.png, id=37, 562.1pt x 421.575pt>
File: images/p1figure7.png Graphic file (type png)
<use images/p1figure7.png>
Package pdftex.def Info: images/p1figure7.png  used on input line 122.
(pdftex.def)             Requested size: 328.50082pt x 246.37271pt.
<images/p1figure8.png, id=38, 562.1pt x 421.575pt>
File: images/p1figure8.png Graphic file (type png)
<use images/p1figure8.png>
Package pdftex.def Info: images/p1figure8.png  used on input line 124.
(pdftex.def)             Requested size: 328.50082pt x 246.37271pt.
 [7 <./images/p1figure6.png (PNG copy)> <./images/p1figure7.png (PNG copy)>] [8
 <./images/p1figure8.png (PNG copy)>] [9]
(/usr/local/texlive/2018/texmf-dist/tex/latex/listings/lstlang1.sty
File: lstlang1.sty 2015/06/04 1.6 listings language file
)
(./MATLABfiles/@knnRegress/predict.m [10]
LaTeX Font Info:    External font `cmex10' loaded for size
(Font)              <9> on input line 12.
LaTeX Font Info:    External font `cmex10' loaded for size
(Font)              <5> on input line 12.
)
<images/p2figure1.png, id=55, 562.1pt x 421.575pt>
File: images/p2figure1.png Graphic file (type png)
<use images/p2figure1.png>
Package pdftex.def Info: images/p2figure1.png  used on input line 237.
(pdftex.def)             Requested size: 328.50082pt x 246.37271pt.
<images/p2figure2.png, id=56, 562.1pt x 421.575pt>
File: images/p2figure2.png Graphic file (type png)
<use images/p2figure2.png>
Package pdftex.def Info: images/p2figure2.png  used on input line 239.
(pdftex.def)             Requested size: 328.50082pt x 246.37271pt.
 [11 <./images/p2figure1.png (PNG copy)>]
<images/p2figure3.png, id=61, 562.1pt x 421.575pt>
File: images/p2figure3.png Graphic file (type png)
<use images/p2figure3.png>
Package pdftex.def Info: images/p2figure3.png  used on input line 241.
(pdftex.def)             Requested size: 328.50082pt x 246.37271pt.
<images/p2figure4.png, id=62, 562.1pt x 421.575pt>
File: images/p2figure4.png Graphic file (type png)
<use images/p2figure4.png>
Package pdftex.def Info: images/p2figure4.png  used on input line 243.
(pdftex.def)             Requested size: 328.50082pt x 246.37271pt.
 [12 <./images/p2figure2.png (PNG copy)> <./images/p2figure3.png (PNG copy)>]
<images/p2figure5.png, id=66, 562.1pt x 421.575pt>
File: images/p2figure5.png Graphic file (type png)
<use images/p2figure5.png>
Package pdftex.def Info: images/p2figure5.png  used on input line 245.
(pdftex.def)             Requested size: 328.50082pt x 246.37271pt.
<images/p2figure6.png, id=67, 562.1pt x 421.575pt>
File: images/p2figure6.png Graphic file (type png)
<use images/p2figure6.png>
Package pdftex.def Info: images/p2figure6.png  used on input line 247.
(pdftex.def)             Requested size: 328.50082pt x 246.37271pt.
 [13 <./images/p2figure4.png (PNG copy)> <./images/p2figure5.png (PNG copy)>]
<images/p3figure1.png, id=72, 562.1pt x 421.575pt>
File: images/p3figure1.png Graphic file (type png)
<use images/p3figure1.png>
Package pdftex.def Info: images/p3figure1.png  used on input line 261.
(pdftex.def)             Requested size: 328.50082pt x 246.37271pt.
[14 <./images/p2figure6.png (PNG copy)>]
<images/p3figure2.png, id=76, 562.1pt x 421.575pt>
File: images/p3figure2.png Graphic file (type png)
<use images/p3figure2.png>
Package pdftex.def Info: images/p3figure2.png  used on input line 270.
(pdftex.def)             Requested size: 328.50082pt x 246.37271pt.
 [15 <./images/p3figure1.png (PNG copy)> <./images/p3figure2.png (PNG copy)>]
<images/p3figure3.png, id=80, 562.1pt x 421.575pt>
File: images/p3figure3.png Graphic file (type png)
<use images/p3figure3.png>
Package pdftex.def Info: images/p3figure3.png  used on input line 279.
(pdftex.def)             Requested size: 328.50082pt x 246.37271pt.
<images/p4figure1.png, id=81, 562.1pt x 421.575pt>
File: images/p4figure1.png Graphic file (type png)
<use images/p4figure1.png>
Package pdftex.def Info: images/p4figure1.png  used on input line 288.
(pdftex.def)             Requested size: 328.50082pt x 246.37271pt.
 [16 <./images/p3figure3.png (PNG copy)>]
<images/p4figure2.png, id=85, 562.1pt x 421.575pt>
File: images/p4figure2.png Graphic file (type png)
<use images/p4figure2.png>
Package pdftex.def Info: images/p4figure2.png  used on input line 293.
(pdftex.def)             Requested size: 328.50082pt x 246.37271pt.
[17 <./images/p4figure1.png (PNG copy)> <./images/p4figure2.png (PNG copy)>]
<images/p4figure3.png, id=89, 562.1pt x 421.575pt>
File: images/p4figure3.png Graphic file (type png)
<use images/p4figure3.png>
Package pdftex.def Info: images/p4figure3.png  used on input line 306.
(pdftex.def)             Requested size: 328.50082pt x 246.37271pt.
<images/p4figure4.png, id=90, 562.1pt x 421.575pt>
File: images/p4figure4.png Graphic file (type png)
<use images/p4figure4.png>
Package pdftex.def Info: images/p4figure4.png  used on input line 310.
(pdftex.def)             Requested size: 328.50082pt x 246.37271pt.

[18 <./images/p4figure3.png (PNG copy)>]
<images/p4figure5.png, id=94, 562.1pt x 421.575pt>
File: images/p4figure5.png Graphic file (type png)
<use images/p4figure5.png>
Package pdftex.def Info: images/p4figure5.png  used on input line 314.
(pdftex.def)             Requested size: 328.50082pt x 246.37271pt.
 [19 <./images/p4figure4.png (PNG copy)> <./images/p4figure5.png (PNG copy)>]
LaTeX Font Info:    Try loading font information for OMS+cmr on input line 341.


(/usr/local/texlive/2018/texmf-dist/tex/latex/base/omscmr.fd
File: omscmr.fd 2014/09/29 v2.5h Standard LaTeX font definitions
)
LaTeX Font Info:    Font shape `OMS/cmr/m/n' in size <9> not available
(Font)              Font shape `OMS/cmsy/m/n' tried instead on input line 341.
<images/p4figure6.png, id=99, 562.1pt x 421.575pt>
File: images/p4figure6.png Graphic file (type png)
<use images/p4figure6.png>
Package pdftex.def Info: images/p4figure6.png  used on input line 345.
(pdftex.def)             Requested size: 328.50082pt x 246.37271pt.
 [20 <./images/p4figure6.png (PNG copy)>]
<images/p5figure1.png, id=103, 562.1pt x 421.575pt>
File: images/p5figure1.png Graphic file (type png)
<use images/p5figure1.png>
Package pdftex.def Info: images/p5figure1.png  used on input line 355.
(pdftex.def)             Requested size: 328.50082pt x 246.37271pt.
<images/p5figure2.png, id=104, 562.1pt x 421.575pt>
File: images/p5figure2.png Graphic file (type png)
<use images/p5figure2.png>
Package pdftex.def Info: images/p5figure2.png  used on input line 357.
(pdftex.def)             Requested size: 328.50082pt x 246.37271pt.
 [21 <./images/p5figure1.png (PNG copy)> <./images/p5figure2.png (PNG copy)>] (
./MATLABfiles/@logisticClassify2/plot2DLinear.m)
<images/p5figure3.png, id=108, 562.1pt x 421.575pt>
File: images/p5figure3.png Graphic file (type png)
<use images/p5figure3.png>
Package pdftex.def Info: images/p5figure3.png  used on input line 384.
(pdftex.def)             Requested size: 328.50082pt x 246.37271pt.

[22]
<images/p5figure4.png, id=112, 562.1pt x 421.575pt>
File: images/p5figure4.png Graphic file (type png)
<use images/p5figure4.png>
Package pdftex.def Info: images/p5figure4.png  used on input line 386.
(pdftex.def)             Requested size: 328.50082pt x 246.37271pt.
 (./MATLABfiles/@knnClassify/predict.m [23 <./images/p5figure3.png (PNG copy)> 
<./images/p5figure4.png (PNG copy)>]
LaTeX Font Info:    Try loading font information for OML+cmr on input line 15.

(/usr/local/texlive/2018/texmf-dist/tex/latex/base/omlcmr.fd
File: omlcmr.fd 2014/09/29 v2.5h Standard LaTeX font definitions
)
LaTeX Font Info:    Font shape `OML/cmr/m/n' in size <9> not available
(Font)              Font shape `OML/cmm/m/it' tried instead on input line 15.
)
<images/p5figure5.png, id=116, 562.1pt x 421.575pt>
File: images/p5figure5.png Graphic file (type png)
<use images/p5figure5.png>
Package pdftex.def Info: images/p5figure5.png  used on input line 409.
(pdftex.def)             Requested size: 328.50082pt x 246.37271pt.
 [24]
<images/p5figure6.png, id=121, 562.1pt x 421.575pt>
File: images/p5figure6.png Graphic file (type png)
<use images/p5figure6.png>
Package pdftex.def Info: images/p5figure6.png  used on input line 411.
(pdftex.def)             Requested size: 328.50082pt x 246.37271pt.
 [25 <./images/p5figure5.png (PNG copy)> <./images/p5figure6.png (PNG copy)>] [
26]
<images/p5figure7.png, id=130, 562.1pt x 421.575pt>
File: images/p5figure7.png Graphic file (type png)
<use images/p5figure7.png>
Package pdftex.def Info: images/p5figure7.png  used on input line 462.
(pdftex.def)             Requested size: 328.50082pt x 246.37271pt.
<images/p5figure8.png, id=131, 562.1pt x 421.575pt>
File: images/p5figure8.png Graphic file (type png)
<use images/p5figure8.png>
Package pdftex.def Info: images/p5figure8.png  used on input line 464.
(pdftex.def)             Requested size: 328.50082pt x 246.37271pt.
 [27 <./images/p5figure7.png (PNG copy)>]
<images/p5figure9.png, id=135, 562.1pt x 421.575pt>
File: images/p5figure9.png Graphic file (type png)
<use images/p5figure9.png>
Package pdftex.def Info: images/p5figure9.png  used on input line 466.
(pdftex.def)             Requested size: 328.50082pt x 246.37271pt.
<images/p5figure10.png, id=136, 562.1pt x 421.575pt>
File: images/p5figure10.png Graphic file (type png)
<use images/p5figure10.png>
Package pdftex.def Info: images/p5figure10.png  used on input line 469.
(pdftex.def)             Requested size: 328.50082pt x 246.37271pt.
 [28 <./images/p5figure8.png (PNG copy)> <./images/p5figure9.png (PNG copy)>]
<images/p5figure11.png, id=140, 562.1pt x 421.575pt>
File: images/p5figure11.png Graphic file (type png)
<use images/p5figure11.png>
Package pdftex.def Info: images/p5figure11.png  used on input line 471.
(pdftex.def)             Requested size: 328.50082pt x 246.37271pt.
<images/p5figure12.png, id=141, 562.1pt x 421.575pt>
File: images/p5figure12.png Graphic file (type png)
<use images/p5figure12.png>
Package pdftex.def Info: images/p5figure12.png  used on input line 473.
(pdftex.def)             Requested size: 328.50082pt x 246.37271pt.
 [29 <./images/p5figure10.png (PNG copy)> <./images/p5figure11.png (PNG copy)>]
 (./MATLABfiles/@logisticClassify2/train.m
[30 <./images/p5figure12.png (PNG copy)>] [31])
(./MATLABfiles/@logisticClassify2/create_mini_batches.m) [32]
(./MATLABfiles/@logisticClassify2/train_in_batches.m [33] [34])
Overfull \hbox (30.7396pt too wide) in paragraph at lines 489--490
[]\OT1/cmr/bx/n/10.95 (3) change the train-ing method in lo-gis-tic-Clas-sify2 
(set it into "train$[]$in$[]$batches")
 []


Overfull \hbox (22.62534pt too wide) in paragraph at lines 489--490
\OT1/cmr/bx/n/10.95 clude the func-tions that you wrote create$[]$mini$[]$batch
es.m and train$[]$in$[]$batches.m) 
 []

<images/p5figure13.png, id=161, 562.1pt x 421.575pt>
File: images/p5figure13.png Graphic file (type png)
<use images/p5figure13.png>
Package pdftex.def Info: images/p5figure13.png  used on input line 507.
(pdftex.def)             Requested size: 328.50082pt x 246.37271pt.
[35]
<images/p5figure14.png, id=165, 562.1pt x 421.575pt>
File: images/p5figure14.png Graphic file (type png)
<use images/p5figure14.png>
Package pdftex.def Info: images/p5figure14.png  used on input line 509.
(pdftex.def)             Requested size: 328.50082pt x 246.37271pt.
<images/p5figure15.png, id=166, 562.1pt x 421.575pt>
File: images/p5figure15.png Graphic file (type png)
<use images/p5figure15.png>
Package pdftex.def Info: images/p5figure15.png  used on input line 511.
(pdftex.def)             Requested size: 328.50082pt x 246.37271pt.
 [36 <./images/p5figure13.png (PNG copy)> <./images/p5figure14.png (PNG copy)>]
<images/p5figure16.png, id=170, 562.1pt x 421.575pt>
File: images/p5figure16.png Graphic file (type png)
<use images/p5figure16.png>
Package pdftex.def Info: images/p5figure16.png  used on input line 514.
(pdftex.def)             Requested size: 328.50082pt x 246.37271pt.
<images/p5figure17.png, id=171, 562.1pt x 421.575pt>
File: images/p5figure17.png Graphic file (type png)
<use images/p5figure17.png>
Package pdftex.def Info: images/p5figure17.png  used on input line 516.
(pdftex.def)             Requested size: 328.50082pt x 246.37271pt.
 [37 <./images/p5figure15.png (PNG copy)> <./images/p5figure16.png (PNG copy)>]
<images/p5figure18.png, id=176, 562.1pt x 421.575pt>
File: images/p5figure18.png Graphic file (type png)
<use images/p5figure18.png>
Package pdftex.def Info: images/p5figure18.png  used on input line 518.
(pdftex.def)             Requested size: 328.50082pt x 246.37271pt.
 [38 <./images/p5figure17.png (PNG copy)> <./images/p5figure18.png (PNG copy)>]
 (./report.aux) ) 
Here is how much of TeX's memory you used:
 6189 strings out of 492649
 101159 string characters out of 6129622
 539902 words of memory out of 5000000
 9971 multiletter control sequences out of 15000+600000
 9867 words of font info for 35 fonts, out of 8000000 for 9000
 1141 hyphenation exceptions out of 8191
 51i,8n,66p,9159b,2215s stack positions out of 5000i,500n,10000p,200000b,80000s
</usr/local/texlive/2018/texmf-dist/fonts/type1/public/amsfont
s/cm/cmbx10.pfb></usr/local/texlive/2018/texmf-dist/fonts/type1/public/amsfonts
/cm/cmex10.pfb></usr/local/texlive/2018/texmf-dist/fonts/type1/public/amsfonts/
cm/cmmi10.pfb></usr/local/texlive/2018/texmf-dist/fonts/type1/public/amsfonts/c
m/cmmi6.pfb></usr/local/texlive/2018/texmf-dist/fonts/type1/public/amsfonts/cm/
cmmi8.pfb></usr/local/texlive/2018/texmf-dist/fonts/type1/public/amsfonts/cm/cm
mi9.pfb></usr/local/texlive/2018/texmf-dist/fonts/type1/public/amsfonts/cm/cmr1
0.pfb></usr/local/texlive/2018/texmf-dist/fonts/type1/public/amsfonts/cm/cmr12.
pfb></usr/local/texlive/2018/texmf-dist/fonts/type1/public/amsfonts/cm/cmr6.pfb
></usr/local/texlive/2018/texmf-dist/fonts/type1/public/amsfonts/cm/cmr8.pfb></
usr/local/texlive/2018/texmf-dist/fonts/type1/public/amsfonts/cm/cmr9.pfb></usr
/local/texlive/2018/texmf-dist/fonts/type1/public/amsfonts/cm/cmssbx10.pfb></us
r/local/texlive/2018/texmf-dist/fonts/type1/public/amsfonts/cm/cmsy10.pfb></usr
/local/texlive/2018/texmf-dist/fonts/type1/public/amsfonts/cm/cmsy8.pfb></usr/l
ocal/texlive/2018/texmf-dist/fonts/type1/public/amsfonts/cm/cmsy9.pfb></usr/loc
al/texlive/2018/texmf-dist/fonts/type1/public/amsfonts/cm/cmtt10.pfb>
Output written on report.pdf (38 pages, 821981 bytes).
PDF statistics:
 234 PDF objects out of 1000 (max. 8388607)
 135 compressed objects within 2 object streams
 0 named destinations out of 1000 (max. 500000)
 206 words of extra memory for PDF output out of 10000 (max. 10000000)

