This is pdfTeX, Version 3.14159265-2.6-1.40.19 (TeX Live 2018) (preloaded format=pdflatex 2019.4.18)  19 APR 2019 19:35
entering extended mode
 restricted \write18 enabled.
 %&-line parsing enabled.
**practice1.tex
(./practice1.tex
LaTeX2e <2018-04-01> patch level 2
Babel <3.18> and hyphenation patterns for 84 language(s) loaded.
(/usr/local/texlive/2018/texmf-dist/tex/latex/base/article.cls
Document Class: article 2014/09/29 v1.4h Standard LaTeX document class
(/usr/local/texlive/2018/texmf-dist/tex/latex/base/size10.clo
File: size10.clo 2014/09/29 v1.4h Standard LaTeX file (size option)
)
\c@part=\count80
\c@section=\count81
\c@subsection=\count82
\c@subsubsection=\count83
\c@paragraph=\count84
\c@subparagraph=\count85
\c@figure=\count86
\c@table=\count87
\abovecaptionskip=\skip41
\belowcaptionskip=\skip42
\bibindent=\dimen102
)
(/usr/local/texlive/2018/texmf-dist/tex/latex/graphics/graphicx.sty
Package: graphicx 2017/06/01 v1.1a Enhanced LaTeX Graphics (DPC,SPQR)

(/usr/local/texlive/2018/texmf-dist/tex/latex/graphics/keyval.sty
Package: keyval 2014/10/28 v1.15 key=value parser (DPC)
\KV@toks@=\toks14
)
(/usr/local/texlive/2018/texmf-dist/tex/latex/graphics/graphics.sty
Package: graphics 2017/06/25 v1.2c Standard LaTeX Graphics (DPC,SPQR)

(/usr/local/texlive/2018/texmf-dist/tex/latex/graphics/trig.sty
Package: trig 2016/01/03 v1.10 sin cos tan (DPC)
)
(/usr/local/texlive/2018/texmf-dist/tex/latex/graphics-cfg/graphics.cfg
File: graphics.cfg 2016/06/04 v1.11 sample graphics configuration
)
Package graphics Info: Driver file: pdftex.def on input line 99.

(/usr/local/texlive/2018/texmf-dist/tex/latex/graphics-def/pdftex.def
File: pdftex.def 2018/01/08 v1.0l Graphics/color driver for pdftex
))
\Gin@req@height=\dimen103
\Gin@req@width=\dimen104
)
(/usr/local/texlive/2018/texmf-dist/tex/latex/graphics/color.sty
Package: color 2016/07/10 v1.1e Standard LaTeX Color (DPC)

(/usr/local/texlive/2018/texmf-dist/tex/latex/graphics-cfg/color.cfg
File: color.cfg 2016/01/02 v1.6 sample color configuration
)
Package color Info: Driver file: pdftex.def on input line 147.
)
(./practice1.aux)
\openout1 = `practice1.aux'.

LaTeX Font Info:    Checking defaults for OML/cmm/m/it on input line 13.
LaTeX Font Info:    ... okay on input line 13.
LaTeX Font Info:    Checking defaults for T1/cmr/m/n on input line 13.
LaTeX Font Info:    ... okay on input line 13.
LaTeX Font Info:    Checking defaults for OT1/cmr/m/n on input line 13.
LaTeX Font Info:    ... okay on input line 13.
LaTeX Font Info:    Checking defaults for OMS/cmsy/m/n on input line 13.
LaTeX Font Info:    ... okay on input line 13.
LaTeX Font Info:    Checking defaults for OMX/cmex/m/n on input line 13.
LaTeX Font Info:    ... okay on input line 13.
LaTeX Font Info:    Checking defaults for U/cmr/m/n on input line 13.
LaTeX Font Info:    ... okay on input line 13.

(/usr/local/texlive/2018/texmf-dist/tex/context/base/mkii/supp-pdf.mkii
[Loading MPS to PDF converter (version 2006.09.02).]
\scratchcounter=\count88
\scratchdimen=\dimen105
\scratchbox=\box26
\nofMPsegments=\count89
\nofMParguments=\count90
\everyMPshowfont=\toks15
\MPscratchCnt=\count91
\MPscratchDim=\dimen106
\MPnumerator=\count92
\makeMPintoPDFobject=\count93
\everyMPtoPDFconversion=\toks16
) (/usr/local/texlive/2018/texmf-dist/tex/latex/oberdiek/epstopdf-base.sty
Package: epstopdf-base 2016/05/15 v2.6 Base part for package epstopdf

(/usr/local/texlive/2018/texmf-dist/tex/generic/oberdiek/infwarerr.sty
Package: infwarerr 2016/05/16 v1.4 Providing info/warning/error messages (HO)
)
(/usr/local/texlive/2018/texmf-dist/tex/latex/oberdiek/grfext.sty
Package: grfext 2016/05/16 v1.2 Manage graphics extensions (HO)

(/usr/local/texlive/2018/texmf-dist/tex/generic/oberdiek/kvdefinekeys.sty
Package: kvdefinekeys 2016/05/16 v1.4 Define keys (HO)

(/usr/local/texlive/2018/texmf-dist/tex/generic/oberdiek/ltxcmds.sty
Package: ltxcmds 2016/05/16 v1.23 LaTeX kernel commands for general use (HO)
)))
(/usr/local/texlive/2018/texmf-dist/tex/latex/oberdiek/kvoptions.sty
Package: kvoptions 2016/05/16 v3.12 Key value format for package options (HO)

(/usr/local/texlive/2018/texmf-dist/tex/generic/oberdiek/kvsetkeys.sty
Package: kvsetkeys 2016/05/16 v1.17 Key value parser (HO)

(/usr/local/texlive/2018/texmf-dist/tex/generic/oberdiek/etexcmds.sty
Package: etexcmds 2016/05/16 v1.6 Avoid name clashes with e-TeX commands (HO)

(/usr/local/texlive/2018/texmf-dist/tex/generic/oberdiek/ifluatex.sty
Package: ifluatex 2016/05/16 v1.4 Provides the ifluatex switch (HO)
Package ifluatex Info: LuaTeX not detected.
)
Package etexcmds Info: Could not find \expanded.
(etexcmds)             That can mean that you are not using pdfTeX 1.50 or
(etexcmds)             that some package has redefined \expanded.
(etexcmds)             In the latter case, load this package earlier.
)))
(/usr/local/texlive/2018/texmf-dist/tex/generic/oberdiek/pdftexcmds.sty
Package: pdftexcmds 2018/01/30 v0.27 Utility functions of pdfTeX for LuaTeX (HO
)

(/usr/local/texlive/2018/texmf-dist/tex/generic/oberdiek/ifpdf.sty
Package: ifpdf 2017/03/15 v3.2 Provides the ifpdf switch
)
Package pdftexcmds Info: LuaTeX not detected.
Package pdftexcmds Info: \pdf@primitive is available.
Package pdftexcmds Info: \pdf@ifprimitive is available.
Package pdftexcmds Info: \pdfdraftmode found.
)
Package epstopdf-base Info: Redefining graphics rule for `.eps' on input line 4
38.
Package grfext Info: Graphics extension search list:
(grfext)             [.pdf,.png,.jpg,.mps,.jpeg,.jbig2,.jb2,.PDF,.PNG,.JPG,.JPE
G,.JBIG2,.JB2,.eps]
(grfext)             \AppendGraphicsExtensions on input line 456.

(/usr/local/texlive/2018/texmf-dist/tex/latex/latexconfig/epstopdf-sys.cfg
File: epstopdf-sys.cfg 2010/07/13 v1.3 Configuration of (r)epstopdf for TeX Liv
e
))
LaTeX Font Info:    Try loading font information for OMS+cmr on input line 24.

(/usr/local/texlive/2018/texmf-dist/tex/latex/base/omscmr.fd
File: omscmr.fd 2014/09/29 v2.5h Standard LaTeX font definitions
)
LaTeX Font Info:    Font shape `OMS/cmr/m/n' in size <10> not available
(Font)              Font shape `OMS/cmsy/m/n' tried instead on input line 24.
Package epstopdf Info: Source file: <practice1_01.eps>
(epstopdf)                    date: 2019-04-19 19:34:06
(epstopdf)                    size: 18956 bytes
(epstopdf)             Output file: <practice1_01-eps-converted-to.pdf>
(epstopdf)                    date: 2019-04-19 19:34:55
(epstopdf)                    size: 8339 bytes
(epstopdf)             Command: <repstopdf --outfile=practice1_01-eps-converted
-to.pdf practice1_01.eps>
(epstopdf)             \includegraphics on input line 57.
Package epstopdf Info: Output file is already uptodate.
<practice1_01-eps-converted-to.pdf, id=1, 454.69875pt x 373.395pt>
File: practice1_01-eps-converted-to.pdf Graphic file (type pdf)
<use practice1_01-eps-converted-to.pdf>
Package pdftex.def Info: practice1_01-eps-converted-to.pdf  used on input line 
57.
(pdftex.def)             Requested size: 289.07999pt x 237.39377pt.
 [1

{/usr/local/texlive/2018/texmf-var/fonts/map/pdftex/updmap/pdftex.map}]
Overfull \hbox (11.99689pt too wide) in paragraph at lines 72--72
[]\OT1/cmtt/m/n/10 learner = linearReg(Xtr_2 ,Ytr); % train a linear regression
 learner[] 
 []

Package epstopdf Info: Source file: <practice1_02.eps>
(epstopdf)                    date: 2019-04-19 19:34:08
(epstopdf)                    size: 34172 bytes
(epstopdf)             Output file: <practice1_02-eps-converted-to.pdf>
(epstopdf)                    date: 2019-04-19 19:34:56
(epstopdf)                    size: 14364 bytes
(epstopdf)             Command: <repstopdf --outfile=practice1_02-eps-converted
-to.pdf practice1_02.eps>
(epstopdf)             \includegraphics on input line 74.
Package epstopdf Info: Output file is already uptodate.
<practice1_02-eps-converted-to.pdf, id=11, 457.71pt x 373.395pt>
File: practice1_02-eps-converted-to.pdf Graphic file (type pdf)
<use practice1_02-eps-converted-to.pdf>
Package pdftex.def Info: practice1_02-eps-converted-to.pdf  used on input line 
74.
(pdftex.def)             Requested size: 289.07999pt x 235.83833pt.
[2 <./practice1_01-eps-converted-to.pdf>]
Overfull \hbox (11.99689pt too wide) in paragraph at lines 105--105
[]\OT1/cmtt/m/n/10 learner = linearReg(Xtr_3 ,Ytr); % train a linear regression
 learner[] 
 []


Overfull \hbox (27.74675pt too wide) in paragraph at lines 132--132
[]\OT1/cmtt/m/n/10 Xtr_3 = [ ones(size(Xtr,1) ,1) , Xtr , Xtr.^2, Xtr.^3, Xtr.^
4, Xtr.^5];[] 
 []

[3 <./practice1_02-eps-converted-to.pdf>]
Overfull \hbox (27.74675pt too wide) in paragraph at lines 132--132
[]\OT1/cmtt/m/n/10 Xte_3 = [ ones(size(Xte,1) ,1) , Xte , Xte.^2, Xte.^3, Xte.^
4, Xte.^5];[] 
 []


Overfull \hbox (11.99689pt too wide) in paragraph at lines 132--132
[]\OT1/cmtt/m/n/10 learner = linearReg(Xtr_3 ,Ytr); % train a linear regression
 learner[] 
 []


Overfull \hbox (111.74602pt too wide) in paragraph at lines 159--159
[]\OT1/cmtt/m/n/10 Xtr_3 = [ ones(size(Xtr,1) ,1) , Xtr , Xtr.^2, Xtr.^3, Xtr.^
4, Xtr.^5, Xtr.^6, Xtr.^7];[] 
 []


Overfull \hbox (111.74602pt too wide) in paragraph at lines 159--159
[]\OT1/cmtt/m/n/10 Xte_3 = [ ones(size(Xte,1) ,1) , Xte , Xte.^2, Xte.^3, Xte.^
4, Xte.^5, Xte.^6, Xte.^7];[] 
 []


Overfull \hbox (11.99689pt too wide) in paragraph at lines 159--159
[]\OT1/cmtt/m/n/10 learner = linearReg(Xtr_3 ,Ytr); % train a linear regression
 learner[] 
 []

[4]
Overfull \hbox (195.74529pt too wide) in paragraph at lines 186--186
[]\OT1/cmtt/m/n/10 Xtr_3 = [ ones(size(Xtr,1) ,1) , Xtr , Xtr.^2, Xtr.^3, Xtr.^
4, Xtr.^5, Xtr.^6, Xtr.^7, Xtr.^8, Xtr.^9];[] 
 []


Overfull \hbox (195.74529pt too wide) in paragraph at lines 186--186
[]\OT1/cmtt/m/n/10 Xte_3 = [ ones(size(Xte,1) ,1) , Xte , Xte.^2, Xte.^3, Xte.^
4, Xte.^5, Xte.^6, Xte.^7, Xte.^8, Xte.^9];[] 
 []


Overfull \hbox (11.99689pt too wide) in paragraph at lines 186--186
[]\OT1/cmtt/m/n/10 learner = linearReg(Xtr_3 ,Ytr); % train a linear regression
 learner[] 
 []


Overfull \hbox (295.49442pt too wide) in paragraph at lines 213--213
[]\OT1/cmtt/m/n/10 Xtr_3 = [ ones(size(Xtr,1) ,1) , Xtr , Xtr.^2, Xtr.^3, Xtr.^
4, Xtr.^5, Xtr.^6, Xtr.^7, Xtr.^8, Xtr.^9,  Xtr.^10, Xtr.^11];[] 
 []


Overfull \hbox (295.49442pt too wide) in paragraph at lines 213--213
[]\OT1/cmtt/m/n/10 Xte_3 = [ ones(size(Xte,1) ,1) , Xte , Xte.^2, Xte.^3, Xte.^
4, Xte.^5, Xte.^6, Xte.^7, Xte.^8, Xte.^9,  Xte.^10, Xte.^11];[] 
 []


Overfull \hbox (11.99689pt too wide) in paragraph at lines 213--213
[]\OT1/cmtt/m/n/10 learner = linearReg(Xtr_3 ,Ytr); % train a linear regression
 learner[] 
 []

[5]
Overfull \hbox (395.24355pt too wide) in paragraph at lines 240--240
[]\OT1/cmtt/m/n/10 Xtr_3 = [ ones(size(Xtr,1) ,1) , Xtr , Xtr.^2, Xtr.^3, Xtr.^
4, Xtr.^5, Xtr.^6, Xtr.^7, Xtr.^8, Xtr.^9,  Xtr.^10, Xtr.^11,  Xtr.^12, Xtr.^13
];[] 
 []


Overfull \hbox (395.24355pt too wide) in paragraph at lines 240--240
[]\OT1/cmtt/m/n/10 Xte_3 = [ ones(size(Xte,1) ,1) , Xte , Xte.^2, Xte.^3, Xte.^
4, Xte.^5, Xte.^6, Xte.^7, Xte.^8, Xte.^9,  Xte.^10, Xte.^11,  Xte.^12, Xte.^13
];[] 
 []


Overfull \hbox (11.99689pt too wide) in paragraph at lines 240--240
[]\OT1/cmtt/m/n/10 learner = linearReg(Xtr_3 ,Ytr); % train a linear regression
 learner[] 
 []

[6] [7]
Package epstopdf Info: Source file: <practice1_03.eps>
(epstopdf)                    date: 2019-04-19 19:34:12
(epstopdf)                    size: 34168 bytes
(epstopdf)             Output file: <practice1_03-eps-converted-to.pdf>
(epstopdf)                    date: 2019-04-19 19:34:57
(epstopdf)                    size: 14267 bytes
(epstopdf)             Command: <repstopdf --outfile=practice1_03-eps-converted
-to.pdf practice1_03.eps>
(epstopdf)             \includegraphics on input line 352.
Package epstopdf Info: Output file is already uptodate.
<practice1_03-eps-converted-to.pdf, id=47, 457.71pt x 373.395pt>
File: practice1_03-eps-converted-to.pdf Graphic file (type pdf)
<use practice1_03-eps-converted-to.pdf>
Package pdftex.def Info: practice1_03-eps-converted-to.pdf  used on input line 
352.
(pdftex.def)             Requested size: 289.07999pt x 235.83833pt.
 [8]
Package epstopdf Info: Source file: <practice1_04.eps>
(epstopdf)                    date: 2019-04-19 19:34:12
(epstopdf)                    size: 34180 bytes
(epstopdf)             Output file: <practice1_04-eps-converted-to.pdf>
(epstopdf)                    date: 2019-04-19 19:34:57
(epstopdf)                    size: 14272 bytes
(epstopdf)             Command: <repstopdf --outfile=practice1_04-eps-converted
-to.pdf practice1_04.eps>
(epstopdf)             \includegraphics on input line 354.
Package epstopdf Info: Output file is already uptodate.
<practice1_04-eps-converted-to.pdf, id=51, 457.71pt x 373.395pt>
File: practice1_04-eps-converted-to.pdf Graphic file (type pdf)
<use practice1_04-eps-converted-to.pdf>
Package pdftex.def Info: practice1_04-eps-converted-to.pdf  used on input line 
354.
(pdftex.def)             Requested size: 289.07999pt x 235.83833pt.
Package epstopdf Info: Source file: <practice1_05.eps>
(epstopdf)                    date: 2019-04-19 19:34:13
(epstopdf)                    size: 34344 bytes
(epstopdf)             Output file: <practice1_05-eps-converted-to.pdf>
(epstopdf)                    date: 2019-04-19 19:34:58
(epstopdf)                    size: 14221 bytes
(epstopdf)             Command: <repstopdf --outfile=practice1_05-eps-converted
-to.pdf practice1_05.eps>
(epstopdf)             \includegraphics on input line 356.
Package epstopdf Info: Output file is already uptodate.
<practice1_05-eps-converted-to.pdf, id=52, 457.71pt x 373.395pt>
File: practice1_05-eps-converted-to.pdf Graphic file (type pdf)
<use practice1_05-eps-converted-to.pdf>
Package pdftex.def Info: practice1_05-eps-converted-to.pdf  used on input line 
356.
(pdftex.def)             Requested size: 289.07999pt x 235.83833pt.
 [9 <./practice1_03-eps-converted-to.pdf> <./practice1_04-eps-converted-to.pdf>
]
Package epstopdf Info: Source file: <practice1_06.eps>
(epstopdf)                    date: 2019-04-19 19:34:14
(epstopdf)                    size: 34347 bytes
(epstopdf)             Output file: <practice1_06-eps-converted-to.pdf>
(epstopdf)                    date: 2019-04-19 19:34:59
(epstopdf)                    size: 14257 bytes
(epstopdf)             Command: <repstopdf --outfile=practice1_06-eps-converted
-to.pdf practice1_06.eps>
(epstopdf)             \includegraphics on input line 358.
Package epstopdf Info: Output file is already uptodate.
<practice1_06-eps-converted-to.pdf, id=72, 457.71pt x 373.395pt>
File: practice1_06-eps-converted-to.pdf Graphic file (type pdf)
<use practice1_06-eps-converted-to.pdf>
Package pdftex.def Info: practice1_06-eps-converted-to.pdf  used on input line 
358.
(pdftex.def)             Requested size: 289.07999pt x 235.83833pt.
Package epstopdf Info: Source file: <practice1_07.eps>
(epstopdf)                    date: 2019-04-19 19:34:14
(epstopdf)                    size: 34348 bytes
(epstopdf)             Output file: <practice1_07-eps-converted-to.pdf>
(epstopdf)                    date: 2019-04-19 19:34:59
(epstopdf)                    size: 14177 bytes
(epstopdf)             Command: <repstopdf --outfile=practice1_07-eps-converted
-to.pdf practice1_07.eps>
(epstopdf)             \includegraphics on input line 360.
Package epstopdf Info: Output file is already uptodate.
<practice1_07-eps-converted-to.pdf, id=73, 457.71pt x 373.395pt>
File: practice1_07-eps-converted-to.pdf Graphic file (type pdf)
<use practice1_07-eps-converted-to.pdf>
Package pdftex.def Info: practice1_07-eps-converted-to.pdf  used on input line 
360.
(pdftex.def)             Requested size: 289.07999pt x 235.83833pt.
 [10 <./practice1_05-eps-converted-to.pdf> <./practice1_06-eps-converted-to.pdf
>]
Package epstopdf Info: Source file: <practice1_08.eps>
(epstopdf)                    date: 2019-04-19 19:34:15
(epstopdf)                    size: 34348 bytes
(epstopdf)             Output file: <practice1_08-eps-converted-to.pdf>
(epstopdf)                    date: 2019-04-19 19:35:00
(epstopdf)                    size: 14333 bytes
(epstopdf)             Command: <repstopdf --outfile=practice1_08-eps-converted
-to.pdf practice1_08.eps>
(epstopdf)             \includegraphics on input line 362.
Package epstopdf Info: Output file is already uptodate.
<practice1_08-eps-converted-to.pdf, id=93, 457.71pt x 373.395pt>
File: practice1_08-eps-converted-to.pdf Graphic file (type pdf)
<use practice1_08-eps-converted-to.pdf>
Package pdftex.def Info: practice1_08-eps-converted-to.pdf  used on input line 
362.
(pdftex.def)             Requested size: 289.07999pt x 235.83833pt.
 [11 <./practice1_07-eps-converted-to.pdf> <./practice1_08-eps-converted-to.pdf
>] (./practice1.aux) ) 
Here is how much of TeX's memory you used:
 1518 strings out of 492649
 23139 string characters out of 6129622
 86137 words of memory out of 5000000
 5402 multiletter control sequences out of 15000+600000
 5018 words of font info for 19 fonts, out of 8000000 for 9000
 1141 hyphenation exceptions out of 8191
 41i,6n,25p,276b,251s stack positions out of 5000i,500n,10000p,200000b,80000s
</usr/local/texlive/2018/texmf-dist/fonts/type1/public/am
sfonts/cm/cmbx12.pfb></usr/local/texlive/2018/texmf-dist/fonts/type1/public/ams
fonts/cm/cmr10.pfb></usr/local/texlive/2018/texmf-dist/fonts/type1/public/amsfo
nts/cm/cmsy10.pfb></usr/local/texlive/2018/texmf-dist/fonts/type1/public/amsfon
ts/cm/cmtt10.pfb>
Output written on practice1.pdf (11 pages, 142491 bytes).
PDF statistics:
 128 PDF objects out of 1000 (max. 8388607)
 86 compressed objects within 1 object stream
 0 named destinations out of 1000 (max. 500000)
 41 words of extra memory for PDF output out of 10000 (max. 10000000)

